
****************************************************************************************************
Three Address Code:
____________________________________________________________________________________________________

L0: factorial: 
L1:     t0 = 1
L2:     if n == t0 goto 9
L3:     goto 5
L4:     goto 8
L5:     t1 = 0
L6:     if n == t1 goto 9
L7:     goto 12
L8:     goto 12
L9:     t2 = 1
L10:     return t2
L11:     goto 12
L12:     t3 = 1
L13:     t4 = n - t3
L14:     param t4
L15:     t5 = call fact, 1
L16:     t6 = n * t5
L17:     return t6

L18: GCD: 
L19:     t0 = 0
L20:     if a == t0 goto 23
L21:     goto 25
L22:     goto 25
L23:     return b
L24:     goto 25
L25:     t1 = b % a
L26:     param t1
L27:     param a
L28:     t2 = call GCD, 2
L29:     return t2

L30: main: 
L31:     t0 = 1
L32:     fact = t0
L33:     t1 = 0
L34:     flag = t1
L35:     t2 = 0
L36:     if flag == t2 goto 39
L37:     goto 51
L38:     goto 55
L39:     t3 = 20
L40:     a = t3
L41:     t5 = 1
L42:     if flag == t5 goto 45
L43:     goto 48
L44:     goto 50
L45:     t6 = 5
L46:     b = t6
L47:     goto 55
L48:     t8 = 4
L49:     b = t8
L50:     goto 55
L51:     t10 = 100
L52:     a = t10
L53:     t12 = 25
L54:     b = t12
L55:     param a
L56:     param b
L57:     t14 = call GCD, 2
L58:     g = t14
L59:     t16 = a * b
L60:     param t16
L61:     t17 = call factorial, 1
L62:     fact = t17
L63:     t19 = 0
L64:     return t19
****************************************************************************************************
____________________________________________________________________________________________________
Table Name: Global			 Parent Name: NULL  													|
____________________________________________________________________________________________________|
Name           Type                Initial Value       Size           Offset         Nested         |
                                                                                                    |
factorial      int                 -                   4              0              factorial			|
GCD            int                 -                   4              4              GCD			|
main           int                 -                   4              8              main			|
____________________________________________________________________________________________________|

____________________________________________________________________________________________________
Table Name: factorial			 Parent Name: Global													|
____________________________________________________________________________________________________|
Name           Type                Initial Value       Size           Offset         Nested         |
                                                                                                    |
n              int                 -                   4              0              NULL			|
return         int                 -                   4              4              NULL			|
t0             int                 1                   4              8              NULL			|
t1             int                 0                   4              12             NULL			|
t2             int                 1                   4              16             NULL			|
fact           int                 -                   4              20             NULL			|
t3             int                 1                   4              24             NULL			|
t4             int                                     4              28             NULL			|
t5             int                                     4              32             NULL			|
t6             int                                     4              36             NULL			|
____________________________________________________________________________________________________|

____________________________________________________________________________________________________
Table Name: GCD			 Parent Name: Global													|
____________________________________________________________________________________________________|
Name           Type                Initial Value       Size           Offset         Nested         |
                                                                                                    |
a              int                 -                   4              0              NULL			|
b              int                 -                   4              4              NULL			|
return         int                 -                   4              8              NULL			|
t0             int                 0                   4              12             NULL			|
GCD            int                 -                   4              16             NULL			|
t1             int                                     4              20             NULL			|
t2             int                                     4              24             NULL			|
____________________________________________________________________________________________________|

____________________________________________________________________________________________________
Table Name: main			 Parent Name: Global													|
____________________________________________________________________________________________________|
Name           Type                Initial Value       Size           Offset         Nested         |
                                                                                                    |
return         int                 -                   4              0              NULL			|
a              int                 -                   4              4              NULL			|
b              int                 -                   4              8              NULL			|
g              int                 -                   4              12             NULL			|
fact           int                 1                   4              16             NULL			|
t0             int                 1                   4              20             NULL			|
flag           int                 0                   4              24             NULL			|
t1             int                 0                   4              28             NULL			|
t2             int                 0                   4              32             NULL			|
t3             int                 20                  4              36             NULL			|
t4             int                                     4              40             NULL			|
t5             int                 1                   4              44             NULL			|
t6             int                 5                   4              48             NULL			|
t7             int                                     4              52             NULL			|
t8             int                 4                   4              56             NULL			|
t9             int                                     4              60             NULL			|
t10            int                 100                 4              64             NULL			|
t11            int                                     4              68             NULL			|
t12            int                 25                  4              72             NULL			|
t13            int                                     4              76             NULL			|
GCD            int                 -                   4              80             NULL			|
t14            int                                     4              84             NULL			|
t15            int                                     4              88             NULL			|
factorial      int                 -                   4              92             NULL			|
t16            int                                     4              96             NULL			|
t17            int                                     4              100            NULL			|
t18            int                                     4              104            NULL			|
t19            int                 0                   4              108            NULL			|
____________________________________________________________________________________________________|

