
****************************************************************************************************
Three Address Code:
____________________________________________________________________________________________________

L0: main: 
L1:     t0 = 0
L2:     i = t0
L3:     t1 = 12
L4:     n = t1
L5:     t2 = 100
L6:     j = t2
L7:     t4 = 5
L8:     t5 = 0
L9:     sum = t5
L10:     if i < n goto 12
L11:     goto 18
L12:     t6 = i
L13:     i = i + 1
L14:     t7 = i * 4
L15:     t8 = arr[t7]
L16:     sum = t8
L17:     goto 10
L18:     t10 = 0
L19:     sum = t10
L20:     t12 = 5
L21:     t13 = 5
L22:     t14 = 0
L23:     i = t14
L24:     if i < n goto 29
L25:     goto 44
L26:     t16 = i
L27:     i = i + 1
L28:     goto 24
L29:     t17 = 0
L30:     j = t17
L31:     if j < n goto 36
L32:     goto 26
L33:     t19 = j
L34:     j = j + 1
L35:     goto 31
L36:     t20 = i * 20
L37:     t22 = j * 4
L38:     t21 = t20 + t22
L39:     t23 = i * j
L40:     t24 = sum / t23
L41:     mat[t21] = t24
L42:     goto 33
L43:     goto 26
L44:     t26 = 0
L45:     return t26
L46:     j = j - 1
L47:     i = i + 1
L48:     t27 = i * 4
L49:     t28 = i - j
L50:     arr[t27] = t28
L51:     t30 = 16
L52:     if i < t30 goto 46
L53:     goto 
****************************************************************************************************
____________________________________________________________________________________________________
Table Name: Global			 Parent Name: NULL  													|
____________________________________________________________________________________________________|
Name           Type                Initial Value       Size           Offset         Nested         |
                                                                                                    |
main           int                 -                   4              0              main			|
____________________________________________________________________________________________________|

____________________________________________________________________________________________________
Table Name: main			 Parent Name: Global													|
____________________________________________________________________________________________________|
Name           Type                Initial Value       Size           Offset         Nested         |
                                                                                                    |
return         int                 -                   4              0              NULL			|
i              int                 0                   4              4              NULL			|
t0             int                 0                   4              8              NULL			|
j              int                 -                   4              12             NULL			|
n              int                 12                  4              16             NULL			|
t1             int                 12                  4              20             NULL			|
t2             int                 100                 4              24             NULL			|
t3             int                                     4              28             NULL			|
arr            arr(5,int)          -                   20             32             NULL			|
t4             int                 5                   4              52             NULL			|
sum            int                 0                   4              56             NULL			|
t5             int                 0                   4              60             NULL			|
t6             int                                     4              64             NULL			|
t7             int                                     4              68             NULL			|
t8             int                                     4              72             NULL			|
t9             int                                     4              76             NULL			|
t10            int                 0                   4              80             NULL			|
t11            int                                     4              84             NULL			|
mat            arr(5,arr(5,int))   -                   100            88             NULL			|
t12            int                 5                   4              188            NULL			|
t13            int                 5                   4              192            NULL			|
t14            int                 0                   4              196            NULL			|
t15            int                                     4              200            NULL			|
t16            int                                     4              204            NULL			|
t17            int                 0                   4              208            NULL			|
t18            int                                     4              212            NULL			|
t19            int                                     4              216            NULL			|
t20            int                                     4              220            NULL			|
t21            int                                     4              224            NULL			|
t22            int                                     4              228            NULL			|
t23            int                                     4              232            NULL			|
t24            int                                     4              236            NULL			|
t25            int                                     4              240            NULL			|
t26            int                 0                   4              244            NULL			|
t27            int                                     4              248            NULL			|
t28            int                                     4              252            NULL			|
t29            int                                     4              256            NULL			|
t30            int                 16                  4              260            NULL			|
____________________________________________________________________________________________________|

