
****************************************************************************************************
Three Address Code:
____________________________________________________________________________________________________

L0: main: 
L1:     t0 = 0
L2:     i = t0
L3:     if i < j goto 8
L4:     goto 22
L5:     t2 = i
L6:     i = i + 1
L7:     goto 3
L8:     t3 = 0
L9:     j = t3
L10:     if j < k goto 13
L11:     goto 5
L12:     goto 16
L13:     t5 = 5
L14:     if j < t5 goto 19
L15:     goto 5
L16:     j = j + 1
L17:     k = k + 1
L18:     goto 10
L19:     k = j
L20:     goto 16
L21:     goto 5
L22:     if i < j goto 27
L23:     goto 25
L24:     goto 27
L25:     if i < k goto 27
L26:     goto 30
L27:     t7 = j
L28:     j = j - 1
L29:     goto 22
L30:     t8 = k
L31:     k = k + 1
L32:     i = t8
L33:     if i < j goto 35
L34:     goto 38
L35:     t10 = j
L36:     j = j - 1
L37:     goto 33
L38:     t11 = 10
L39:     if k <= t11 goto 30
L40:     goto 41
L41:     t12 = 0
L42:     return t12
****************************************************************************************************
____________________________________________________________________________________________________
Table Name: Global			 Parent Name: NULL  													|
____________________________________________________________________________________________________|
Name           Type                Initial Value       Size           Offset         Nested         |
                                                                                                    |
main           int                 -                   4              0              main			|
____________________________________________________________________________________________________|

____________________________________________________________________________________________________
Table Name: main			 Parent Name: Global													|
____________________________________________________________________________________________________|
Name           Type                Initial Value       Size           Offset         Nested         |
                                                                                                    |
return         int                 -                   4              0              NULL			|
i              int                 -                   4              4              NULL			|
j              int                 -                   4              8              NULL			|
k              int                 -                   4              12             NULL			|
t0             int                 0                   4              16             NULL			|
t1             int                                     4              20             NULL			|
t2             int                                     4              24             NULL			|
t3             int                 0                   4              28             NULL			|
t4             int                                     4              32             NULL			|
t5             int                 5                   4              36             NULL			|
t6             int                                     4              40             NULL			|
t7             int                                     4              44             NULL			|
t8             int                                     4              48             NULL			|
t9             int                                     4              52             NULL			|
t10            int                                     4              56             NULL			|
t11            int                 10                  4              60             NULL			|
t12            int                 0                   4              64             NULL			|
____________________________________________________________________________________________________|

